<?xml version="1.0" encoding="UTF-8"?>
<!-- Generated by org.testng.reporters.JUnitXMLReporter -->
<testsuite ignored="0" hostname="LPDEV01" failures="1" tests="6" name="DataProviderTest" time="108.662" errors="0" timestamp="2024-05-27T14:40:49 IST">
  <testcase classname="mainPackage.RunnerClass" name="testMethod" time="77.732"/>
  <testcase classname="mainPackage.RunnerClass" name="testMethod" time="77.625"/>
  <testcase classname="mainPackage.RunnerClass" name="testMethod" time="76.74"/>
  <testcase classname="mainPackage.RunnerClass" name="testMethod" time="77.451"/>
  <testcase classname="mainPackage.RunnerClass" name="testMethod" time="79.21"/>
  <testcase classname="mainPackage.RunnerClass" name="failedCasesRunMethod" time="0.0">
    <failure type="org.testng.TestNGException" message="
Data Provider public java.lang.Object[][] mainPackage.RunnerClass.failedData() returned a null value">
      <![CDATA[org.testng.TestNGException: 
Data Provider public java.lang.Object[][] mainPackage.RunnerClass.failedData() returned a null value
at java.base/java.util.ArrayList.forEach(ArrayList.java:1511)
at java.base/java.util.concurrent.FutureTask.run(FutureTask.java:317)
at java.base/java.util.concurrent.ThreadPoolExecutor.runWorker(ThreadPoolExecutor.java:1144)
at java.base/java.util.concurrent.ThreadPoolExecutor$Worker.run(ThreadPoolExecutor.java:642)
at java.base/java.lang.Thread.run(Thread.java:1589)
... Removed 14 stack frames]]>
    </failure>
  </testcase> <!-- failedCasesRunMethod -->
</testsuite> <!-- DataProviderTest -->
