<?xml version="1.0" encoding="UTF-8"?>
<!-- Generated by org.testng.reporters.JUnitXMLReporter -->
<testsuite ignored="0" hostname="LPDEV01" failures="0" tests="30" name="DataProviderTest" time="545.922" errors="0" timestamp="2024-05-23T17:42:11 IST">
  <testcase classname="mainPackage.RunnerClass2" name="testMethod" time="72.668"/>
  <testcase classname="mainPackage.RunnerClass2" name="testMethod" time="72.823"/>
  <testcase classname="mainPackage.RunnerClass2" name="testMethod" time="73.042"/>
  <testcase classname="mainPackage.RunnerClass2" name="testMethod" time="73.083"/>
  <testcase classname="mainPackage.RunnerClass2" name="testMethod" time="75.86"/>
  <testcase classname="mainPackage.RunnerClass2" name="testMethod" time="71.789"/>
  <testcase classname="mainPackage.RunnerClass2" name="testMethod" time="72.83"/>
  <testcase classname="mainPackage.RunnerClass2" name="testMethod" time="72.369"/>
  <testcase classname="mainPackage.RunnerClass2" name="testMethod" time="72.504"/>
  <testcase classname="mainPackage.RunnerClass2" name="testMethod" time="75.46"/>
  <testcase classname="mainPackage.RunnerClass2" name="testMethod" time="71.844"/>
  <testcase classname="mainPackage.RunnerClass2" name="testMethod" time="72.327"/>
  <testcase classname="mainPackage.RunnerClass2" name="testMethod" time="73.123"/>
  <testcase classname="mainPackage.RunnerClass2" name="testMethod" time="74.929"/>
  <testcase classname="mainPackage.RunnerClass2" name="testMethod" time="72.765"/>
  <testcase classname="mainPackage.RunnerClass2" name="testMethod" time="72.236"/>
  <testcase classname="mainPackage.RunnerClass2" name="testMethod" time="71.485"/>
  <testcase classname="mainPackage.RunnerClass2" name="testMethod" time="70.999"/>
  <testcase classname="mainPackage.RunnerClass2" name="testMethod" time="72.368"/>
  <testcase classname="mainPackage.RunnerClass2" name="testMethod" time="76.37"/>
  <testcase classname="mainPackage.RunnerClass2" name="testMethod" time="73.145"/>
  <testcase classname="mainPackage.RunnerClass2" name="testMethod" time="72.665"/>
  <testcase classname="mainPackage.RunnerClass2" name="testMethod" time="73.829"/>
  <testcase classname="mainPackage.RunnerClass2" name="testMethod" time="75.099"/>
  <testcase classname="mainPackage.RunnerClass2" name="testMethod" time="74.532"/>
  <testcase classname="mainPackage.RunnerClass2" name="testMethod" time="73.367"/>
  <testcase classname="mainPackage.RunnerClass2" name="testMethod" time="73.849"/>
  <testcase classname="mainPackage.RunnerClass2" name="testMethod" time="73.859"/>
  <testcase classname="mainPackage.RunnerClass2" name="testMethod" time="74.825"/>
  <testcase classname="mainPackage.RunnerClass2" name="testMethod" time="78.213"/>
</testsuite> <!-- DataProviderTest -->
