<?xml version="1.0" encoding="UTF-8"?>
<!-- Generated by org.testng.reporters.JUnitXMLReporter -->
<testsuite ignored="0" hostname="LPDEV01" failures="0" tests="5" name="Default test" time="97.107" errors="0" timestamp="2024-05-22T12:03:03 IST">
  <testcase classname="mainPackage.RunnerClass2" name="testMethod" time="76.723"/>
  <testcase classname="mainPackage.RunnerClass2" name="testMethod" time="76.696"/>
  <testcase classname="mainPackage.RunnerClass2" name="testMethod" time="76.733"/>
  <testcase classname="mainPackage.RunnerClass2" name="testMethod" time="76.742"/>
  <testcase classname="mainPackage.RunnerClass2" name="testMethod" time="77.01"/>
</testsuite> <!-- Default test -->
