<?xml version="1.0" encoding="UTF-8"?>
<testng-results ignored="0" total="30" passed="30" failed="0" skipped="0">
  <reporter-output>
  </reporter-output>
  <suite started-at="2024-05-23T17:33:05 IST" name="DataProviderSuite" finished-at="2024-05-23T17:42:11 IST" duration-ms="545922">
    <groups>
    </groups>
    <test started-at="2024-05-23T17:33:05 IST" name="DataProviderTest" finished-at="2024-05-23T17:42:11 IST" duration-ms="545922">
      <class name="mainPackage.RunnerClass2">
        <test-method is-config="true" signature="setUp()[pri:0, instance:mainPackage.RunnerClass2@7eac9008]" started-at="2024-05-23T17:33:09 IST" name="setUp" finished-at="2024-05-23T17:33:28 IST" duration-ms="19023" status="PASS">
          <reporter-output>
          </reporter-output>
        </test-method> <!-- setUp -->
        <test-method is-config="true" signature="setUp()[pri:0, instance:mainPackage.RunnerClass2@7eac9008]" started-at="2024-05-23T17:33:09 IST" name="setUp" finished-at="2024-05-23T17:33:28 IST" duration-ms="19229" status="PASS">
          <reporter-output>
          </reporter-output>
        </test-method> <!-- setUp -->
        <test-method is-config="true" signature="setUp()[pri:0, instance:mainPackage.RunnerClass2@7eac9008]" started-at="2024-05-23T17:33:09 IST" name="setUp" finished-at="2024-05-23T17:33:27 IST" duration-ms="18607" status="PASS">
          <reporter-output>
          </reporter-output>
        </test-method> <!-- setUp -->
        <test-method is-config="true" signature="setUp()[pri:0, instance:mainPackage.RunnerClass2@7eac9008]" started-at="2024-05-23T17:33:09 IST" name="setUp" finished-at="2024-05-23T17:33:28 IST" duration-ms="19215" status="PASS">
          <reporter-output>
          </reporter-output>
        </test-method> <!-- setUp -->
        <test-method is-config="true" signature="setUp()[pri:0, instance:mainPackage.RunnerClass2@7eac9008]" started-at="2024-05-23T17:33:09 IST" name="setUp" finished-at="2024-05-23T17:33:27 IST" duration-ms="18883" status="PASS">
          <reporter-output>
          </reporter-output>
        </test-method> <!-- setUp -->
        <test-method signature="testMethod(java.lang.String,java.lang.String,java.lang.String,java.lang.String,java.lang.String)[pri:0, instance:mainPackage.RunnerClass2@7eac9008]" started-at="2024-05-23T17:33:27 IST" name="testMethod" data-provider="testData" finished-at="2024-05-23T17:34:40 IST" duration-ms="72668" status="PASS">
          <params>
            <param index="0">
              <value>
                <![CDATA[9]]>
              </value>
            </param>
            <param index="1">
              <value>
                <![CDATA[Austin]]>
              </value>
            </param>
            <param index="2">
              <value>
                <![CDATA[BulkBuildings]]>
              </value>
            </param>
            <param index="3">
              <value>
                <![CDATA[*Bulk - Buildings]]>
              </value>
            </param>
            <param index="4">
              <value>
                <![CDATA[https://app.propertyware.com/pw/00a/2622947339/JSON?6zoebYfgjvTXENA]]>
              </value>
            </param>
          </params>
          <reporter-output>
          </reporter-output>
        </test-method> <!-- testMethod -->
        <test-method signature="testMethod(java.lang.String,java.lang.String,java.lang.String,java.lang.String,java.lang.String)[pri:0, instance:mainPackage.RunnerClass2@7eac9008]" started-at="2024-05-23T17:33:27 IST" name="testMethod" data-provider="testData" finished-at="2024-05-23T17:34:41 IST" duration-ms="73042" status="PASS">
          <params>
            <param index="0">
              <value>
                <![CDATA[7]]>
              </value>
            </param>
            <param index="1">
              <value>
                <![CDATA[Alabama]]>
              </value>
            </param>
            <param index="2">
              <value>
                <![CDATA[BulkBuildings]]>
              </value>
            </param>
            <param index="3">
              <value>
                <![CDATA[*Bulk - Buildings]]>
              </value>
            </param>
            <param index="4">
              <value>
                <![CDATA[https://app.propertyware.com/pw/00a/2622947381/JSON?6aYUuKUnYarniRh]]>
              </value>
            </param>
          </params>
          <reporter-output>
          </reporter-output>
        </test-method> <!-- testMethod -->
        <test-method signature="testMethod(java.lang.String,java.lang.String,java.lang.String,java.lang.String,java.lang.String)[pri:0, instance:mainPackage.RunnerClass2@7eac9008]" started-at="2024-05-23T17:33:28 IST" name="testMethod" data-provider="testData" finished-at="2024-05-23T17:34:40 IST" duration-ms="72823" status="PASS">
          <params>
            <param index="0">
              <value>
                <![CDATA[8]]>
              </value>
            </param>
            <param index="1">
              <value>
                <![CDATA[Arizona]]>
              </value>
            </param>
            <param index="2">
              <value>
                <![CDATA[BulkBuildings]]>
              </value>
            </param>
            <param index="3">
              <value>
                <![CDATA[*Bulk - Buildings]]>
              </value>
            </param>
            <param index="4">
              <value>
                <![CDATA[https://app.propertyware.com/pw/00a/2622947328/JSON?8uPuGfVqzNsjGAD]]>
              </value>
            </param>
          </params>
          <reporter-output>
          </reporter-output>
        </test-method> <!-- testMethod -->
        <test-method signature="testMethod(java.lang.String,java.lang.String,java.lang.String,java.lang.String,java.lang.String)[pri:0, instance:mainPackage.RunnerClass2@7eac9008]" started-at="2024-05-23T17:33:28 IST" name="testMethod" data-provider="testData" finished-at="2024-05-23T17:34:41 IST" duration-ms="73083" status="PASS">
          <params>
            <param index="0">
              <value>
                <![CDATA[11]]>
              </value>
            </param>
            <param index="1">
              <value>
                <![CDATA[California]]>
              </value>
            </param>
            <param index="2">
              <value>
                <![CDATA[BulkBuildings]]>
              </value>
            </param>
            <param index="3">
              <value>
                <![CDATA[*Bulk - Buildings]]>
              </value>
            </param>
            <param index="4">
              <value>
                <![CDATA[https://app.propertyware.com/pw/00a/2622947372/JSON?6RsVqnQNlGogXfJ]]>
              </value>
            </param>
          </params>
          <reporter-output>
          </reporter-output>
        </test-method> <!-- testMethod -->
        <test-method signature="testMethod(java.lang.String,java.lang.String,java.lang.String,java.lang.String,java.lang.String)[pri:0, instance:mainPackage.RunnerClass2@7eac9008]" started-at="2024-05-23T17:33:28 IST" name="testMethod" data-provider="testData" finished-at="2024-05-23T17:34:44 IST" duration-ms="75860" status="PASS">
          <params>
            <param index="0">
              <value>
                <![CDATA[10]]>
              </value>
            </param>
            <param index="1">
              <value>
                <![CDATA[Boise]]>
              </value>
            </param>
            <param index="2">
              <value>
                <![CDATA[BulkBuildings]]>
              </value>
            </param>
            <param index="3">
              <value>
                <![CDATA[*Bulk - Buildings]]>
              </value>
            </param>
            <param index="4">
              <value>
                <![CDATA[https://app.propertyware.com/pw/00a/2622947378/JSON?7XtELcWQjndJrkr]]>
              </value>
            </param>
          </params>
          <reporter-output>
          </reporter-output>
        </test-method> <!-- testMethod -->
        <test-method is-config="true" signature="setUp()[pri:0, instance:mainPackage.RunnerClass2@7eac9008]" started-at="2024-05-23T17:34:40 IST" name="setUp" finished-at="2024-05-23T17:34:54 IST" duration-ms="14272" status="PASS">
          <reporter-output>
          </reporter-output>
        </test-method> <!-- setUp -->
        <test-method is-config="true" signature="setUp()[pri:0, instance:mainPackage.RunnerClass2@7eac9008]" started-at="2024-05-23T17:34:40 IST" name="setUp" finished-at="2024-05-23T17:34:55 IST" duration-ms="14153" status="PASS">
          <reporter-output>
          </reporter-output>
        </test-method> <!-- setUp -->
        <test-method is-config="true" signature="setUp()[pri:0, instance:mainPackage.RunnerClass2@7eac9008]" started-at="2024-05-23T17:34:41 IST" name="setUp" finished-at="2024-05-23T17:34:55 IST" duration-ms="14394" status="PASS">
          <reporter-output>
          </reporter-output>
        </test-method> <!-- setUp -->
        <test-method is-config="true" signature="setUp()[pri:0, instance:mainPackage.RunnerClass2@7eac9008]" started-at="2024-05-23T17:34:41 IST" name="setUp" finished-at="2024-05-23T17:34:55 IST" duration-ms="14023" status="PASS">
          <reporter-output>
          </reporter-output>
        </test-method> <!-- setUp -->
        <test-method is-config="true" signature="setUp()[pri:0, instance:mainPackage.RunnerClass2@7eac9008]" started-at="2024-05-23T17:34:44 IST" name="setUp" finished-at="2024-05-23T17:34:57 IST" duration-ms="13025" status="PASS">
          <reporter-output>
          </reporter-output>
        </test-method> <!-- setUp -->
        <test-method signature="testMethod(java.lang.String,java.lang.String,java.lang.String,java.lang.String,java.lang.String)[pri:0, instance:mainPackage.RunnerClass2@7eac9008]" started-at="2024-05-23T17:34:54 IST" name="testMethod" data-provider="testData" finished-at="2024-05-23T17:36:07 IST" duration-ms="72830" status="PASS">
          <params>
            <param index="0">
              <value>
                <![CDATA[12]]>
              </value>
            </param>
            <param index="1">
              <value>
                <![CDATA[California PFW]]>
              </value>
            </param>
            <param index="2">
              <value>
                <![CDATA[BulkBuildings]]>
              </value>
            </param>
            <param index="3">
              <value>
                <![CDATA[*Bulk - Buildings]]>
              </value>
            </param>
            <param index="4">
              <value>
                <![CDATA[https://app.propertyware.com/pw/00a/2622947362/JSON?9ELpypkKBaleBhU]]>
              </value>
            </param>
          </params>
          <reporter-output>
          </reporter-output>
        </test-method> <!-- testMethod -->
        <test-method signature="testMethod(java.lang.String,java.lang.String,java.lang.String,java.lang.String,java.lang.String)[pri:0, instance:mainPackage.RunnerClass2@7eac9008]" started-at="2024-05-23T17:34:55 IST" name="testMethod" data-provider="testData" finished-at="2024-05-23T17:36:06 IST" duration-ms="71789" status="PASS">
          <params>
            <param index="0">
              <value>
                <![CDATA[13]]>
              </value>
            </param>
            <param index="1">
              <value>
                <![CDATA[Chicago]]>
              </value>
            </param>
            <param index="2">
              <value>
                <![CDATA[BulkBuildings]]>
              </value>
            </param>
            <param index="3">
              <value>
                <![CDATA[*Bulk - Buildings]]>
              </value>
            </param>
            <param index="4">
              <value>
                <![CDATA[https://app.propertyware.com/pw/00a/2622947377/JSON?1zfrtKuqlWQTwgC]]>
              </value>
            </param>
          </params>
          <reporter-output>
          </reporter-output>
        </test-method> <!-- testMethod -->
        <test-method signature="testMethod(java.lang.String,java.lang.String,java.lang.String,java.lang.String,java.lang.String)[pri:0, instance:mainPackage.RunnerClass2@7eac9008]" started-at="2024-05-23T17:34:55 IST" name="testMethod" data-provider="testData" finished-at="2024-05-23T17:36:07 IST" duration-ms="72369" status="PASS">
          <params>
            <param index="0">
              <value>
                <![CDATA[16]]>
              </value>
            </param>
            <param index="1">
              <value>
                <![CDATA[Delaware]]>
              </value>
            </param>
            <param index="2">
              <value>
                <![CDATA[BulkBuildings]]>
              </value>
            </param>
            <param index="3">
              <value>
                <![CDATA[*Bulk - Buildings]]>
              </value>
            </param>
            <param index="4">
              <value>
                <![CDATA[https://app.propertyware.com/pw/00a/2622947360/JSON?8GvtOFlGMoyuLJd]]>
              </value>
            </param>
          </params>
          <reporter-output>
          </reporter-output>
        </test-method> <!-- testMethod -->
        <test-method signature="testMethod(java.lang.String,java.lang.String,java.lang.String,java.lang.String,java.lang.String)[pri:0, instance:mainPackage.RunnerClass2@7eac9008]" started-at="2024-05-23T17:34:55 IST" name="testMethod" data-provider="testData" finished-at="2024-05-23T17:36:07 IST" duration-ms="72504" status="PASS">
          <params>
            <param index="0">
              <value>
                <![CDATA[15]]>
              </value>
            </param>
            <param index="1">
              <value>
                <![CDATA[Dallas/Fort Worth]]>
              </value>
            </param>
            <param index="2">
              <value>
                <![CDATA[BulkBuildings]]>
              </value>
            </param>
            <param index="3">
              <value>
                <![CDATA[*Bulk - Buildings]]>
              </value>
            </param>
            <param index="4">
              <value>
                <![CDATA[https://app.propertyware.com/pw/00a/2622947340/JSON?4MdAxoIbHGUHSgv]]>
              </value>
            </param>
          </params>
          <reporter-output>
          </reporter-output>
        </test-method> <!-- testMethod -->
        <test-method signature="testMethod(java.lang.String,java.lang.String,java.lang.String,java.lang.String,java.lang.String)[pri:0, instance:mainPackage.RunnerClass2@7eac9008]" started-at="2024-05-23T17:34:57 IST" name="testMethod" data-provider="testData" finished-at="2024-05-23T17:36:12 IST" duration-ms="75460" status="PASS">
          <params>
            <param index="0">
              <value>
                <![CDATA[17]]>
              </value>
            </param>
            <param index="1">
              <value>
                <![CDATA[Florida]]>
              </value>
            </param>
            <param index="2">
              <value>
                <![CDATA[BulkBuildings]]>
              </value>
            </param>
            <param index="3">
              <value>
                <![CDATA[*Bulk - Buildings]]>
              </value>
            </param>
            <param index="4">
              <value>
                <![CDATA[https://app.propertyware.com/pw/00a/2622947350/JSON?5ThqKpAXzvUloDR]]>
              </value>
            </param>
          </params>
          <reporter-output>
          </reporter-output>
        </test-method> <!-- testMethod -->
        <test-method is-config="true" signature="setUp()[pri:0, instance:mainPackage.RunnerClass2@7eac9008]" started-at="2024-05-23T17:36:06 IST" name="setUp" finished-at="2024-05-23T17:36:20 IST" duration-ms="13287" status="PASS">
          <reporter-output>
          </reporter-output>
        </test-method> <!-- setUp -->
        <test-method is-config="true" signature="setUp()[pri:0, instance:mainPackage.RunnerClass2@7eac9008]" started-at="2024-05-23T17:36:07 IST" name="setUp" finished-at="2024-05-23T17:36:20 IST" duration-ms="13070" status="PASS">
          <reporter-output>
          </reporter-output>
        </test-method> <!-- setUp -->
        <test-method is-config="true" signature="setUp()[pri:0, instance:mainPackage.RunnerClass2@7eac9008]" started-at="2024-05-23T17:36:07 IST" name="setUp" finished-at="2024-05-23T17:36:21 IST" duration-ms="13201" status="PASS">
          <reporter-output>
          </reporter-output>
        </test-method> <!-- setUp -->
        <test-method is-config="true" signature="setUp()[pri:0, instance:mainPackage.RunnerClass2@7eac9008]" started-at="2024-05-23T17:36:07 IST" name="setUp" finished-at="2024-05-23T17:36:21 IST" duration-ms="13769" status="PASS">
          <reporter-output>
          </reporter-output>
        </test-method> <!-- setUp -->
        <test-method is-config="true" signature="setUp()[pri:0, instance:mainPackage.RunnerClass2@7eac9008]" started-at="2024-05-23T17:36:12 IST" name="setUp" finished-at="2024-05-23T17:36:26 IST" duration-ms="13693" status="PASS">
          <reporter-output>
          </reporter-output>
        </test-method> <!-- setUp -->
        <test-method signature="testMethod(java.lang.String,java.lang.String,java.lang.String,java.lang.String,java.lang.String)[pri:0, instance:mainPackage.RunnerClass2@7eac9008]" started-at="2024-05-23T17:36:20 IST" name="testMethod" data-provider="testData" finished-at="2024-05-23T17:37:32 IST" duration-ms="72327" status="PASS">
          <params>
            <param index="0">
              <value>
                <![CDATA[18]]>
              </value>
            </param>
            <param index="1">
              <value>
                <![CDATA[Georgia]]>
              </value>
            </param>
            <param index="2">
              <value>
                <![CDATA[BulkBuildings]]>
              </value>
            </param>
            <param index="3">
              <value>
                <![CDATA[*Bulk - Buildings]]>
              </value>
            </param>
            <param index="4">
              <value>
                <![CDATA[https://app.propertyware.com/pw/00a/2622947346/JSON?5msYnHfLIjNnMqK]]>
              </value>
            </param>
          </params>
          <reporter-output>
          </reporter-output>
        </test-method> <!-- testMethod -->
        <test-method signature="testMethod(java.lang.String,java.lang.String,java.lang.String,java.lang.String,java.lang.String)[pri:0, instance:mainPackage.RunnerClass2@7eac9008]" started-at="2024-05-23T17:36:20 IST" name="testMethod" data-provider="testData" finished-at="2024-05-23T17:37:32 IST" duration-ms="71844" status="PASS">
          <params>
            <param index="0">
              <value>
                <![CDATA[19]]>
              </value>
            </param>
            <param index="1">
              <value>
                <![CDATA[Hawaii]]>
              </value>
            </param>
            <param index="2">
              <value>
                <![CDATA[BulkBuildings]]>
              </value>
            </param>
            <param index="3">
              <value>
                <![CDATA[*Bulk - Buildings]]>
              </value>
            </param>
            <param index="4">
              <value>
                <![CDATA[https://app.propertyware.com/pw/00a/2622947357/JSON?6CrqiMPlslNgNPH]]>
              </value>
            </param>
          </params>
          <reporter-output>
          </reporter-output>
        </test-method> <!-- testMethod -->
        <test-method signature="testMethod(java.lang.String,java.lang.String,java.lang.String,java.lang.String,java.lang.String)[pri:0, instance:mainPackage.RunnerClass2@7eac9008]" started-at="2024-05-23T17:36:21 IST" name="testMethod" data-provider="testData" finished-at="2024-05-23T17:37:35 IST" duration-ms="74929" status="PASS">
          <params>
            <param index="0">
              <value>
                <![CDATA[21]]>
              </value>
            </param>
            <param index="1">
              <value>
                <![CDATA[Houston]]>
              </value>
            </param>
            <param index="2">
              <value>
                <![CDATA[BulkBuildings]]>
              </value>
            </param>
            <param index="3">
              <value>
                <![CDATA[*Bulk - Buildings]]>
              </value>
            </param>
            <param index="4">
              <value>
                <![CDATA[https://app.propertyware.com/pw/00a/2622947336/JSON?9LrFPAvKdcrzthu]]>
              </value>
            </param>
          </params>
          <reporter-output>
          </reporter-output>
        </test-method> <!-- testMethod -->
        <test-method signature="testMethod(java.lang.String,java.lang.String,java.lang.String,java.lang.String,java.lang.String)[pri:0, instance:mainPackage.RunnerClass2@7eac9008]" started-at="2024-05-23T17:36:21 IST" name="testMethod" data-provider="testData" finished-at="2024-05-23T17:37:34 IST" duration-ms="73123" status="PASS">
          <params>
            <param index="0">
              <value>
                <![CDATA[22]]>
              </value>
            </param>
            <param index="1">
              <value>
                <![CDATA[Idaho Falls]]>
              </value>
            </param>
            <param index="2">
              <value>
                <![CDATA[BulkBuildings]]>
              </value>
            </param>
            <param index="3">
              <value>
                <![CDATA[*Bulk - Buildings]]>
              </value>
            </param>
            <param index="4">
              <value>
                <![CDATA[https://app.propertyware.com/pw/00a/2622947329/JSON?4svnYgfMOWXnWyp]]>
              </value>
            </param>
          </params>
          <reporter-output>
          </reporter-output>
        </test-method> <!-- testMethod -->
        <test-method signature="testMethod(java.lang.String,java.lang.String,java.lang.String,java.lang.String,java.lang.String)[pri:0, instance:mainPackage.RunnerClass2@7eac9008]" started-at="2024-05-23T17:36:26 IST" name="testMethod" data-provider="testData" finished-at="2024-05-23T17:37:39 IST" duration-ms="72765" status="PASS">
          <params>
            <param index="0">
              <value>
                <![CDATA[23]]>
              </value>
            </param>
            <param index="1">
              <value>
                <![CDATA[Indiana]]>
              </value>
            </param>
            <param index="2">
              <value>
                <![CDATA[BulkBuildings]]>
              </value>
            </param>
            <param index="3">
              <value>
                <![CDATA[*Bulk - Buildings]]>
              </value>
            </param>
            <param index="4">
              <value>
                <![CDATA[https://app.propertyware.com/pw/00a/2622947354/JSON?1LxdYSIZQZKjtFv]]>
              </value>
            </param>
          </params>
          <reporter-output>
          </reporter-output>
        </test-method> <!-- testMethod -->
        <test-method is-config="true" signature="setUp()[pri:0, instance:mainPackage.RunnerClass2@7eac9008]" started-at="2024-05-23T17:37:32 IST" name="setUp" finished-at="2024-05-23T17:37:44 IST" duration-ms="12406" status="PASS">
          <reporter-output>
          </reporter-output>
        </test-method> <!-- setUp -->
        <test-method is-config="true" signature="setUp()[pri:0, instance:mainPackage.RunnerClass2@7eac9008]" started-at="2024-05-23T17:37:32 IST" name="setUp" finished-at="2024-05-23T17:37:45 IST" duration-ms="13196" status="PASS">
          <reporter-output>
          </reporter-output>
        </test-method> <!-- setUp -->
        <test-method is-config="true" signature="setUp()[pri:0, instance:mainPackage.RunnerClass2@7eac9008]" started-at="2024-05-23T17:37:34 IST" name="setUp" finished-at="2024-05-23T17:37:46 IST" duration-ms="11773" status="PASS">
          <reporter-output>
          </reporter-output>
        </test-method> <!-- setUp -->
        <test-method is-config="true" signature="setUp()[pri:0, instance:mainPackage.RunnerClass2@7eac9008]" started-at="2024-05-23T17:37:35 IST" name="setUp" finished-at="2024-05-23T17:37:48 IST" duration-ms="12272" status="PASS">
          <reporter-output>
          </reporter-output>
        </test-method> <!-- setUp -->
        <test-method is-config="true" signature="setUp()[pri:0, instance:mainPackage.RunnerClass2@7eac9008]" started-at="2024-05-23T17:37:39 IST" name="setUp" finished-at="2024-05-23T17:37:51 IST" duration-ms="12565" status="PASS">
          <reporter-output>
          </reporter-output>
        </test-method> <!-- setUp -->
        <test-method signature="testMethod(java.lang.String,java.lang.String,java.lang.String,java.lang.String,java.lang.String)[pri:0, instance:mainPackage.RunnerClass2@7eac9008]" started-at="2024-05-23T17:37:44 IST" name="testMethod" data-provider="testData" finished-at="2024-05-23T17:38:57 IST" duration-ms="72236" status="PASS">
          <params>
            <param index="0">
              <value>
                <![CDATA[24]]>
              </value>
            </param>
            <param index="1">
              <value>
                <![CDATA[Institutional Accounts (IAG)]]>
              </value>
            </param>
            <param index="2">
              <value>
                <![CDATA[BulkBuildings]]>
              </value>
            </param>
            <param index="3">
              <value>
                <![CDATA[*Bulk - Buildings]]>
              </value>
            </param>
            <param index="4">
              <value>
                <![CDATA[https://app.propertyware.com/pw/00a/2622947363/JSON?2TsbNjMTEMIVWtS]]>
              </value>
            </param>
          </params>
          <reporter-output>
          </reporter-output>
        </test-method> <!-- testMethod -->
        <test-method signature="testMethod(java.lang.String,java.lang.String,java.lang.String,java.lang.String,java.lang.String)[pri:0, instance:mainPackage.RunnerClass2@7eac9008]" started-at="2024-05-23T17:37:45 IST" name="testMethod" data-provider="testData" finished-at="2024-05-23T17:38:57 IST" duration-ms="71485" status="PASS">
          <params>
            <param index="0">
              <value>
                <![CDATA[25]]>
              </value>
            </param>
            <param index="1">
              <value>
                <![CDATA[Kansas City]]>
              </value>
            </param>
            <param index="2">
              <value>
                <![CDATA[BulkBuildings]]>
              </value>
            </param>
            <param index="3">
              <value>
                <![CDATA[*Bulk - Buildings]]>
              </value>
            </param>
            <param index="4">
              <value>
                <![CDATA[https://app.propertyware.com/pw/00a/2622947379/JSON?9PaPBFbAkzGtvTk]]>
              </value>
            </param>
          </params>
          <reporter-output>
          </reporter-output>
        </test-method> <!-- testMethod -->
        <test-method signature="testMethod(java.lang.String,java.lang.String,java.lang.String,java.lang.String,java.lang.String)[pri:0, instance:mainPackage.RunnerClass2@7eac9008]" started-at="2024-05-23T17:37:46 IST" name="testMethod" data-provider="testData" finished-at="2024-05-23T17:38:57 IST" duration-ms="70999" status="PASS">
          <params>
            <param index="0">
              <value>
                <![CDATA[26]]>
              </value>
            </param>
            <param index="1">
              <value>
                <![CDATA[Lake Havasu]]>
              </value>
            </param>
            <param index="2">
              <value>
                <![CDATA[BulkBuildings]]>
              </value>
            </param>
            <param index="3">
              <value>
                <![CDATA[*Bulk - Buildings]]>
              </value>
            </param>
            <param index="4">
              <value>
                <![CDATA[https://app.propertyware.com/pw/00a/2622947380/JSON?0vcGVBGnpNOMach]]>
              </value>
            </param>
          </params>
          <reporter-output>
          </reporter-output>
        </test-method> <!-- testMethod -->
        <test-method signature="testMethod(java.lang.String,java.lang.String,java.lang.String,java.lang.String,java.lang.String)[pri:0, instance:mainPackage.RunnerClass2@7eac9008]" started-at="2024-05-23T17:37:48 IST" name="testMethod" data-provider="testData" finished-at="2024-05-23T17:39:00 IST" duration-ms="72368" status="PASS">
          <params>
            <param index="0">
              <value>
                <![CDATA[27]]>
              </value>
            </param>
            <param index="1">
              <value>
                <![CDATA[Maryland]]>
              </value>
            </param>
            <param index="2">
              <value>
                <![CDATA[BulkBuildings]]>
              </value>
            </param>
            <param index="3">
              <value>
                <![CDATA[*Bulk - Buildings]]>
              </value>
            </param>
            <param index="4">
              <value>
                <![CDATA[https://app.propertyware.com/pw/00a/2622947358/JSON?2aUGhxEgSdTayti]]>
              </value>
            </param>
          </params>
          <reporter-output>
          </reporter-output>
        </test-method> <!-- testMethod -->
        <test-method signature="testMethod(java.lang.String,java.lang.String,java.lang.String,java.lang.String,java.lang.String)[pri:0, instance:mainPackage.RunnerClass2@7eac9008]" started-at="2024-05-23T17:37:51 IST" name="testMethod" data-provider="testData" finished-at="2024-05-23T17:39:08 IST" duration-ms="76370" status="PASS">
          <params>
            <param index="0">
              <value>
                <![CDATA[28]]>
              </value>
            </param>
            <param index="1">
              <value>
                <![CDATA[Tennessee]]>
              </value>
            </param>
            <param index="2">
              <value>
                <![CDATA[BulkBuildings]]>
              </value>
            </param>
            <param index="3">
              <value>
                <![CDATA[*Bulk - Buildings]]>
              </value>
            </param>
            <param index="4">
              <value>
                <![CDATA[https://app.propertyware.com/pw/00a/2622947365/JSON?8ooIGhOkzHzLDCj]]>
              </value>
            </param>
          </params>
          <reporter-output>
          </reporter-output>
        </test-method> <!-- testMethod -->
        <test-method is-config="true" signature="setUp()[pri:0, instance:mainPackage.RunnerClass2@7eac9008]" started-at="2024-05-23T17:38:57 IST" name="setUp" finished-at="2024-05-23T17:39:11 IST" duration-ms="14363" status="PASS">
          <reporter-output>
          </reporter-output>
        </test-method> <!-- setUp -->
        <test-method is-config="true" signature="setUp()[pri:0, instance:mainPackage.RunnerClass2@7eac9008]" started-at="2024-05-23T17:38:57 IST" name="setUp" finished-at="2024-05-23T17:39:11 IST" duration-ms="14159" status="PASS">
          <reporter-output>
          </reporter-output>
        </test-method> <!-- setUp -->
        <test-method is-config="true" signature="setUp()[pri:0, instance:mainPackage.RunnerClass2@7eac9008]" started-at="2024-05-23T17:38:57 IST" name="setUp" finished-at="2024-05-23T17:39:12 IST" duration-ms="14621" status="PASS">
          <reporter-output>
          </reporter-output>
        </test-method> <!-- setUp -->
        <test-method is-config="true" signature="setUp()[pri:0, instance:mainPackage.RunnerClass2@7eac9008]" started-at="2024-05-23T17:39:00 IST" name="setUp" finished-at="2024-05-23T17:39:13 IST" duration-ms="13192" status="PASS">
          <reporter-output>
          </reporter-output>
        </test-method> <!-- setUp -->
        <test-method is-config="true" signature="setUp()[pri:0, instance:mainPackage.RunnerClass2@7eac9008]" started-at="2024-05-23T17:39:08 IST" name="setUp" finished-at="2024-05-23T17:39:25 IST" duration-ms="17789" status="PASS">
          <reporter-output>
          </reporter-output>
        </test-method> <!-- setUp -->
        <test-method signature="testMethod(java.lang.String,java.lang.String,java.lang.String,java.lang.String,java.lang.String)[pri:0, instance:mainPackage.RunnerClass2@7eac9008]" started-at="2024-05-23T17:39:11 IST" name="testMethod" data-provider="testData" finished-at="2024-05-23T17:40:24 IST" duration-ms="73145" status="PASS">
          <params>
            <param index="0">
              <value>
                <![CDATA[30]]>
              </value>
            </param>
            <param index="1">
              <value>
                <![CDATA[Ohio]]>
              </value>
            </param>
            <param index="2">
              <value>
                <![CDATA[BulkBuildings]]>
              </value>
            </param>
            <param index="3">
              <value>
                <![CDATA[*Bulk - Buildings]]>
              </value>
            </param>
            <param index="4">
              <value>
                <![CDATA[https://app.propertyware.com/pw/00a/2622947366/JSON?0nBGEMzgGcEoDBH]]>
              </value>
            </param>
          </params>
          <reporter-output>
          </reporter-output>
        </test-method> <!-- testMethod -->
        <test-method signature="testMethod(java.lang.String,java.lang.String,java.lang.String,java.lang.String,java.lang.String)[pri:0, instance:mainPackage.RunnerClass2@7eac9008]" started-at="2024-05-23T17:39:11 IST" name="testMethod" data-provider="testData" finished-at="2024-05-23T17:40:25 IST" duration-ms="73829" status="PASS">
          <params>
            <param index="0">
              <value>
                <![CDATA[29]]>
              </value>
            </param>
            <param index="1">
              <value>
                <![CDATA[North Carolina]]>
              </value>
            </param>
            <param index="2">
              <value>
                <![CDATA[BulkBuildings]]>
              </value>
            </param>
            <param index="3">
              <value>
                <![CDATA[*Bulk - Buildings]]>
              </value>
            </param>
            <param index="4">
              <value>
                <![CDATA[https://app.propertyware.com/pw/00a/2622947333/JSON?7IILOxBwhnmfyKj]]>
              </value>
            </param>
          </params>
          <reporter-output>
          </reporter-output>
        </test-method> <!-- testMethod -->
        <test-method signature="testMethod(java.lang.String,java.lang.String,java.lang.String,java.lang.String,java.lang.String)[pri:0, instance:mainPackage.RunnerClass2@7eac9008]" started-at="2024-05-23T17:39:12 IST" name="testMethod" data-provider="testData" finished-at="2024-05-23T17:40:24 IST" duration-ms="72665" status="PASS">
          <params>
            <param index="0">
              <value>
                <![CDATA[31]]>
              </value>
            </param>
            <param index="1">
              <value>
                <![CDATA[OKC]]>
              </value>
            </param>
            <param index="2">
              <value>
                <![CDATA[BulkBuildings]]>
              </value>
            </param>
            <param index="3">
              <value>
                <![CDATA[*Bulk - Buildings]]>
              </value>
            </param>
            <param index="4">
              <value>
                <![CDATA[https://app.propertyware.com/pw/00a/2622947338/JSON?1rQAkZoyfvplrUL]]>
              </value>
            </param>
          </params>
          <reporter-output>
          </reporter-output>
        </test-method> <!-- testMethod -->
        <test-method signature="testMethod(java.lang.String,java.lang.String,java.lang.String,java.lang.String,java.lang.String)[pri:0, instance:mainPackage.RunnerClass2@7eac9008]" started-at="2024-05-23T17:39:13 IST" name="testMethod" data-provider="testData" finished-at="2024-05-23T17:40:28 IST" duration-ms="75099" status="PASS">
          <params>
            <param index="0">
              <value>
                <![CDATA[32]]>
              </value>
            </param>
            <param index="1">
              <value>
                <![CDATA[Pennsylvania]]>
              </value>
            </param>
            <param index="2">
              <value>
                <![CDATA[BulkBuildings]]>
              </value>
            </param>
            <param index="3">
              <value>
                <![CDATA[*Bulk - Buildings]]>
              </value>
            </param>
            <param index="4">
              <value>
                <![CDATA[https://app.propertyware.com/pw/00a/2622947349/JSON?2uFLvQJsQsmZWcg]]>
              </value>
            </param>
          </params>
          <reporter-output>
          </reporter-output>
        </test-method> <!-- testMethod -->
        <test-method signature="testMethod(java.lang.String,java.lang.String,java.lang.String,java.lang.String,java.lang.String)[pri:0, instance:mainPackage.RunnerClass2@7eac9008]" started-at="2024-05-23T17:39:25 IST" name="testMethod" data-provider="testData" finished-at="2024-05-23T17:40:40 IST" duration-ms="74532" status="PASS">
          <params>
            <param index="0">
              <value>
                <![CDATA[33]]>
              </value>
            </param>
            <param index="1">
              <value>
                <![CDATA[San Antonio]]>
              </value>
            </param>
            <param index="2">
              <value>
                <![CDATA[BulkBuildings]]>
              </value>
            </param>
            <param index="3">
              <value>
                <![CDATA[*Bulk - Buildings]]>
              </value>
            </param>
            <param index="4">
              <value>
                <![CDATA[https://app.propertyware.com/pw/00a/2622947368/JSON?8htpgIahEyYeQyp]]>
              </value>
            </param>
          </params>
          <reporter-output>
          </reporter-output>
        </test-method> <!-- testMethod -->
        <test-method is-config="true" signature="setUp()[pri:0, instance:mainPackage.RunnerClass2@7eac9008]" started-at="2024-05-23T17:40:24 IST" name="setUp" finished-at="2024-05-23T17:40:37 IST" duration-ms="12909" status="PASS">
          <reporter-output>
          </reporter-output>
        </test-method> <!-- setUp -->
        <test-method is-config="true" signature="setUp()[pri:0, instance:mainPackage.RunnerClass2@7eac9008]" started-at="2024-05-23T17:40:24 IST" name="setUp" finished-at="2024-05-23T17:40:37 IST" duration-ms="12921" status="PASS">
          <reporter-output>
          </reporter-output>
        </test-method> <!-- setUp -->
        <test-method is-config="true" signature="setUp()[pri:0, instance:mainPackage.RunnerClass2@7eac9008]" started-at="2024-05-23T17:40:25 IST" name="setUp" finished-at="2024-05-23T17:40:38 IST" duration-ms="13391" status="PASS">
          <reporter-output>
          </reporter-output>
        </test-method> <!-- setUp -->
        <test-method is-config="true" signature="setUp()[pri:0, instance:mainPackage.RunnerClass2@7eac9008]" started-at="2024-05-23T17:40:28 IST" name="setUp" finished-at="2024-05-23T17:40:39 IST" duration-ms="11063" status="PASS">
          <reporter-output>
          </reporter-output>
        </test-method> <!-- setUp -->
        <test-method signature="testMethod(java.lang.String,java.lang.String,java.lang.String,java.lang.String,java.lang.String)[pri:0, instance:mainPackage.RunnerClass2@7eac9008]" started-at="2024-05-23T17:40:37 IST" name="testMethod" data-provider="testData" finished-at="2024-05-23T17:41:50 IST" duration-ms="73367" status="PASS">
          <params>
            <param index="0">
              <value>
                <![CDATA[35]]>
              </value>
            </param>
            <param index="1">
              <value>
                <![CDATA[South Carolina]]>
              </value>
            </param>
            <param index="2">
              <value>
                <![CDATA[BulkBuildings]]>
              </value>
            </param>
            <param index="3">
              <value>
                <![CDATA[*Bulk - Buildings]]>
              </value>
            </param>
            <param index="4">
              <value>
                <![CDATA[https://app.propertyware.com/pw/00a/2622947369/JSON?8qQVwzUelTukbrs]]>
              </value>
            </param>
          </params>
          <reporter-output>
          </reporter-output>
        </test-method> <!-- testMethod -->
        <test-method signature="testMethod(java.lang.String,java.lang.String,java.lang.String,java.lang.String,java.lang.String)[pri:0, instance:mainPackage.RunnerClass2@7eac9008]" started-at="2024-05-23T17:40:37 IST" name="testMethod" data-provider="testData" finished-at="2024-05-23T17:41:51 IST" duration-ms="73849" status="PASS">
          <params>
            <param index="0">
              <value>
                <![CDATA[36]]>
              </value>
            </param>
            <param index="1">
              <value>
                <![CDATA[Tulsa]]>
              </value>
            </param>
            <param index="2">
              <value>
                <![CDATA[BulkBuildings]]>
              </value>
            </param>
            <param index="3">
              <value>
                <![CDATA[*Bulk - Buildings]]>
              </value>
            </param>
            <param index="4">
              <value>
                <![CDATA[https://app.propertyware.com/pw/00a/2622947337/JSON?9hjcMrngPGqYVbE]]>
              </value>
            </param>
          </params>
          <reporter-output>
          </reporter-output>
        </test-method> <!-- testMethod -->
        <test-method signature="testMethod(java.lang.String,java.lang.String,java.lang.String,java.lang.String,java.lang.String)[pri:0, instance:mainPackage.RunnerClass2@7eac9008]" started-at="2024-05-23T17:40:38 IST" name="testMethod" data-provider="testData" finished-at="2024-05-23T17:41:52 IST" duration-ms="73859" status="PASS">
          <params>
            <param index="0">
              <value>
                <![CDATA[37]]>
              </value>
            </param>
            <param index="1">
              <value>
                <![CDATA[Utah]]>
              </value>
            </param>
            <param index="2">
              <value>
                <![CDATA[BulkBuildings]]>
              </value>
            </param>
            <param index="3">
              <value>
                <![CDATA[*Bulk - Buildings]]>
              </value>
            </param>
            <param index="4">
              <value>
                <![CDATA[https://app.propertyware.com/pw/00a/2622947330/JSON?8GLUboQvkkfVOlM]]>
              </value>
            </param>
          </params>
          <reporter-output>
          </reporter-output>
        </test-method> <!-- testMethod -->
        <test-method signature="testMethod(java.lang.String,java.lang.String,java.lang.String,java.lang.String,java.lang.String)[pri:0, instance:mainPackage.RunnerClass2@7eac9008]" started-at="2024-05-23T17:40:39 IST" name="testMethod" data-provider="testData" finished-at="2024-05-23T17:41:54 IST" duration-ms="74825" status="PASS">
          <params>
            <param index="0">
              <value>
                <![CDATA[38]]>
              </value>
            </param>
            <param index="1">
              <value>
                <![CDATA[Virginia]]>
              </value>
            </param>
            <param index="2">
              <value>
                <![CDATA[BulkBuildings]]>
              </value>
            </param>
            <param index="3">
              <value>
                <![CDATA[*Bulk - Buildings]]>
              </value>
            </param>
            <param index="4">
              <value>
                <![CDATA[https://app.propertyware.com/pw/00a/2622947361/JSON?9fdPDwMfNEcEXoW]]>
              </value>
            </param>
          </params>
          <reporter-output>
          </reporter-output>
        </test-method> <!-- testMethod -->
        <test-method is-config="true" signature="setUp()[pri:0, instance:mainPackage.RunnerClass2@7eac9008]" started-at="2024-05-23T17:40:40 IST" name="setUp" finished-at="2024-05-23T17:40:53 IST" duration-ms="13202" status="PASS">
          <reporter-output>
          </reporter-output>
        </test-method> <!-- setUp -->
        <test-method signature="testMethod(java.lang.String,java.lang.String,java.lang.String,java.lang.String,java.lang.String)[pri:0, instance:mainPackage.RunnerClass2@7eac9008]" started-at="2024-05-23T17:40:53 IST" name="testMethod" data-provider="testData" finished-at="2024-05-23T17:42:11 IST" duration-ms="78213" status="PASS">
          <params>
            <param index="0">
              <value>
                <![CDATA[39]]>
              </value>
            </param>
            <param index="1">
              <value>
                <![CDATA[Washington DC]]>
              </value>
            </param>
            <param index="2">
              <value>
                <![CDATA[BulkBuildings]]>
              </value>
            </param>
            <param index="3">
              <value>
                <![CDATA[*Bulk - Buildings]]>
              </value>
            </param>
            <param index="4">
              <value>
                <![CDATA[https://app.propertyware.com/pw/00a/2622947359/JSON?4jLzqtCEocYFCaC]]>
              </value>
            </param>
          </params>
          <reporter-output>
          </reporter-output>
        </test-method> <!-- testMethod -->
        <test-method is-config="true" signature="executeCodeAfterSuite()[pri:0, instance:mainPackage.RunnerClass2@7eac9008]" started-at="2024-05-23T17:42:11 IST" name="executeCodeAfterSuite" finished-at="2024-05-23T17:42:20 IST" duration-ms="8869" status="PASS">
          <reporter-output>
          </reporter-output>
        </test-method> <!-- executeCodeAfterSuite -->
      </class> <!-- mainPackage.RunnerClass2 -->
    </test> <!-- DataProviderTest -->
  </suite> <!-- DataProviderSuite -->
</testng-results>
