<?xml version="1.0" encoding="UTF-8"?>
<testng-results ignored="0" total="0" passed="0" failed="0" skipped="0">
  <reporter-output>
  </reporter-output>
  <suite started-at="2024-05-24T11:56:37 IST" name="DataProviderSuite" finished-at="2024-05-24T11:56:39 IST" duration-ms="1745">
    <groups>
    </groups>
    <test started-at="2024-05-24T11:56:37 IST" name="DataProviderTest" finished-at="2024-05-24T11:56:39 IST" duration-ms="1745">
      <class name="mainPackage.RunnerClass">
        <test-method is-config="true" signature="DBChanges()[pri:0, instance:mainPackage.RunnerClass@74e52ef6]" started-at="2024-05-24T11:56:33 IST" name="DBChanges" finished-at="2024-05-24T11:56:37 IST" duration-ms="4457" status="PASS">
          <reporter-output>
          </reporter-output>
        </test-method> <!-- DBChanges -->
        <test-method is-config="true" signature="executeCodeAfterSuite()[pri:0, instance:mainPackage.RunnerClass@74e52ef6]" started-at="2024-05-24T11:56:39 IST" name="executeCodeAfterSuite" finished-at="2024-05-24T11:56:45 IST" duration-ms="6174" status="PASS">
          <reporter-output>
          </reporter-output>
        </test-method> <!-- executeCodeAfterSuite -->
      </class> <!-- mainPackage.RunnerClass -->
    </test> <!-- DataProviderTest -->
  </suite> <!-- DataProviderSuite -->
</testng-results>
